Unity Editor version:    2020.3.17f1 (a4537701e4ab)
Branch:                  2020.3/staging
Build type:              Release
Batch mode:              YES
macOS version:           Version 10.14.6 (Build 18G87)
Darwin version:          18.7.0
Architecture:            x86_64
Running under Rosetta:   NO
Available memory:        8192 MB
Using pre-set license
Pro License: NO

COMMAND LINE ARGUMENTS:
/Applications/Unity/Hub/Editor/2020.3.17f1/Unity.app/Contents/MacOS/Unity
-adb2
-batchMode
-noUpm
-name
AssetImportWorker0
-projectPath
/Users/nileslo182/Documents/GitHub/WhiteLotus-Repository/Death Crusade
-logFile
Logs/AssetImportWorker0.log
-srvPort
56222
Successfully changed project path to: /Users/nileslo182/Documents/GitHub/WhiteLotus-Repository/Death Crusade
Could not lock editor preferences. Preferences updates for this instance of Unity will not be saved./Users/nileslo182/Documents/GitHub/WhiteLotus-Repository/Death Crusade
Using Asset Import Pipeline V2.
Refreshing native plugins compatible for Editor in 46.90 ms, found 3 plugins.
Preloading 0 native plugins for Editor in 0.00 ms.
Initialize engine version: 2020.3.17f1 (a4537701e4ab)
[Subsystems] Discovering subsystems at path /Applications/Unity/Hub/Editor/2020.3.17f1/Unity.app/Contents/Resources/UnitySubsystems
[Subsystems] Discovering subsystems at path /Users/nileslo182/Documents/GitHub/WhiteLotus-Repository/Death Crusade/Assets
GfxDevice: creating device client; threaded=0
2022-03-09 09:42:27.070 Unity[61730:3960106] iMac preferred device: AMD Radeon Pro 570 (high power)
2022-03-09 09:42:27.070 Unity[61730:3960106] Metal devices available: 1
2022-03-09 09:42:27.070 Unity[61730:3960106] 0: AMD Radeon Pro 570 (high power)
2022-03-09 09:42:27.071 Unity[61730:3960106] Using device AMD Radeon Pro 570 (high power)
Initializing Metal device caps: AMD Radeon Pro 570
Initialize mono
Mono path[0] = '/Applications/Unity/Hub/Editor/2020.3.17f1/Unity.app/Contents/Managed'
Mono path[1] = '/Applications/Unity/Hub/Editor/2020.3.17f1/Unity.app/Contents/MonoBleedingEdge/lib/mono/unityjit'
Mono config path = '/Applications/Unity/Hub/Editor/2020.3.17f1/Unity.app/Contents/MonoBleedingEdge/etc'
Using monoOptions --debugger-agent=transport=dt_socket,embedding=1,server=y,suspend=n,address=127.0.0.1:56730
Begin MonoManager ReloadAssembly
Registering precompiled unity dll's ...
Register platform support module: /Applications/Unity/Hub/Editor/2020.3.17f1/PlaybackEngines/WebGLSupport/UnityEditor.WebGL.Extensions.dll
Register platform support module: /Applications/Unity/Hub/Editor/2020.3.17f1/Unity.app/Contents/PlaybackEngines/MacStandaloneSupport/UnityEditor.OSXStandalone.Extensions.dll
Registered in 0.000449 seconds.
Native extension for OSXStandalone target not found
Native extension for WebGL target not found
Refreshing native plugins compatible for Editor in 47.23 ms, found 3 plugins.
Preloading 0 native plugins for Editor in 0.00 ms.
Mono: successfully reloaded assembly
- Completed reload, in  1.636 seconds
Domain Reload Profiling:
	ReloadAssembly (1636ms)
		BeginReloadAssembly (41ms)
			ExecutionOrderSort (0ms)
			DisableScriptedObjects (0ms)
			BackupInstance (0ms)
			ReleaseScriptingObjects (0ms)
			CreateAndSetChildDomain (1ms)
		EndReloadAssembly (517ms)
			LoadAssemblies (40ms)
			RebuildTransferFunctionScriptingTraits (0ms)
			SetupTypeCache (201ms)
			ReleaseScriptCaches (0ms)
			RebuildScriptCaches (41ms)
			SetupLoadedEditorAssemblies (221ms)
				LogAssemblyErrors (0ms)
				InitializePlatformSupportModulesInManaged (5ms)
				SetLoadedEditorAssemblies (0ms)
				RefreshPlugins (47ms)
				BeforeProcessingInitializeOnLoad (29ms)
				ProcessInitializeOnLoadAttributes (107ms)
				ProcessInitializeOnLoadMethodAttributes (32ms)
				AfterProcessingInitializeOnLoad (0ms)
				EditorAssembliesLoaded (0ms)
			ExecutionOrderSort2 (0ms)
			AwakeInstancesAfterBackupRestoration (0ms)
Platform modules already initialized, skipping
Registering precompiled user dll's ...
Registered in 0.024913 seconds.
Begin MonoManager ReloadAssembly
Native extension for OSXStandalone target not found
Native extension for WebGL target not found
Refreshing native plugins compatible for Editor in 45.80 ms, found 3 plugins.
Preloading 0 native plugins for Editor in 0.00 ms.
Mono: successfully reloaded assembly
- Completed reload, in  1.367 seconds
Domain Reload Profiling:
	ReloadAssembly (1379ms)
		BeginReloadAssembly (156ms)
			ExecutionOrderSort (0ms)
			DisableScriptedObjects (5ms)
			BackupInstance (0ms)
			ReleaseScriptingObjects (0ms)
			CreateAndSetChildDomain (33ms)
		EndReloadAssembly (1153ms)
			LoadAssemblies (71ms)
			RebuildTransferFunctionScriptingTraits (0ms)
			SetupTypeCache (374ms)
			ReleaseScriptCaches (0ms)
			RebuildScriptCaches (64ms)
			SetupLoadedEditorAssemblies (478ms)
				LogAssemblyErrors (0ms)
				InitializePlatformSupportModulesInManaged (6ms)
				SetLoadedEditorAssemblies (0ms)
				RefreshPlugins (46ms)
				BeforeProcessingInitializeOnLoad (83ms)
				ProcessInitializeOnLoadAttributes (330ms)
				ProcessInitializeOnLoadMethodAttributes (13ms)
				AfterProcessingInitializeOnLoad (1ms)
				EditorAssembliesLoaded (0ms)
			ExecutionOrderSort2 (0ms)
			AwakeInstancesAfterBackupRestoration (9ms)
Platform modules already initialized, skipping
Validating Project structure ... 0.004243 seconds.
Shader import version has changed; will reimport all shaders...
Upgrading shader files ...0.005302 seconds.
Application.AssetDatabase Initial Script Refresh Start
RefreshInfo: InitialScriptRefreshV2(NoUpdateAssetOptions) scanfilter:  ... 1 filters
RefreshProfiler: Total: 0.000ms
Application.AssetDatabase Initial Script Refresh End
Application.AssetDatabase.Refresh Start
Application.AssetDatabase.Refresh End
RefreshInfo: StopAssetImportingV2(ForceSynchronousImport) scanfilter: 
RefreshProfiler: Total: 0.000ms
Launching external process: /Applications/Unity/Hub/Editor/2020.3.17f1/Unity.app/Contents/Tools/UnityShaderCompiler
Launched and connected shader compiler UnityShaderCompiler after 0.05 seconds
Initializing Unity extensions:
[C# Project] Writing /Users/nileslo182/Documents/GitHub/WhiteLotus-Repository/Death Crusade/Death Crusade.sln because it has changed
[C# Project] First difference on line 4

[C# Project] Current /Users/nileslo182/Documents/GitHub/WhiteLotus-Repository/Death Crusade/Death Crusade.sln:
[C# Project]   004: Project("{FAE04EC0-301F-11D3-BF4B-00C04F79EFBC}") = "Assembly-CSharp", "Assembly-CSharp.csproj", "{A30D3F83-59B9-6DD1-1E83-A0ACE4A4A0F3}"
[C# Project]   005: EndProject
[C# Project]   006: Global
[C# Project]   007: 	GlobalSection(SolutionConfigurationPlatforms) = preSolution
[C# Project]   008: 		Debug|Any CPU = Debug|Any CPU

[C# Project] New /Users/nileslo182/Documents/GitHub/WhiteLotus-Repository/Death Crusade/Death Crusade.sln:
[C# Project]   004: Project("{FAE04EC0-301F-11D3-BF4B-00C04F79EFBC}") = "Unity.2D.PixelPerfect.Tests", "Unity.2D.PixelPerfect.Tests.csproj", "{8D3CB4F2-8312-B893-2C99-6F4C6CF64CFB}"
[C# Project]   005: EndProject
[C# Project]   006: Project("{FAE04EC0-301F-11D3-BF4B-00C04F79EFBC}") = "UnityEngine.TestRunner", "UnityEngine.TestRunner.csproj", "{B9597FEB-44BB-FE40-48CF-CA962555E66E}"
[C# Project]   007: EndProject
[C# Project]   008: Project("{FAE04EC0-301F-11D3-BF4B-00C04F79EFBC}") = "Unity.Mathematics", "Unity.Mathematics.csproj", "{456F1BF5-33BF-A37E-4BAB-E22959E56A1E}"
[C# Project] Writing /Users/nileslo182/Documents/GitHub/WhiteLotus-Repository/Death Crusade/Assembly-CSharp.csproj because it has changed
[C# Project] First difference on line 638

[C# Project] Current /Users/nileslo182/Documents/GitHub/WhiteLotus-Repository/Death Crusade/Assembly-CSharp.csproj:
[C# Project]   638:     <Reference Include="Unity.2D.Animation.Editor">
[C# Project]   639:       <HintPath>/Users/nileslo182/Documents/GitHub/WhiteLotus-Repository/Death Crusade/Library/ScriptAssemblies/Unity.2D.Animation.Editor.dll</HintPath>
[C# Project]   640:     </Reference>
[C# Project]   641:     <Reference Include="Unity.InternalAPIEngineBridge.001">
[C# Project]   642:       <HintPath>/Users/nileslo182/Documents/GitHub/WhiteLotus-Repository/Death Crusade/Library/ScriptAssemblies/Unity.InternalAPIEngineBridge.001.dll</HintPath>

[C# Project] New /Users/nileslo182/Documents/GitHub/WhiteLotus-Repository/Death Crusade/Assembly-CSharp.csproj:
[C# Project]   638:   </ItemGroup>
[C# Project]   639:   <ItemGroup>
[C# Project]   640:     <ProjectReference Include="Unity.2D.Animation.Editor.csproj">
[C# Project]   641:       <Project>{0B844AE1-86CB-2FAF-CF5D-7185B4B36076}</Project>
[C# Project]   642:       <Name>Unity.2D.Animation.Editor</Name>
========================================================================
Worker process is ready to serve import requests
Refreshing native plugins compatible for Editor in 0.41 ms, found 3 plugins.
Preloading 0 native plugins for Editor in 0.00 ms.
Unloading 2100 Unused Serialized files (Serialized files now loaded: 0)
System memory in use before: 198.1 MB.
System memory in use after: 197.3 MB.

Unloading 107 unused Assets to reduce memory usage. Loaded Objects now: 2576.
Total: 3.698496 ms (FindLiveObjects: 0.229982 ms CreateObjectMapping: 0.077985 ms MarkObjects: 2.900504 ms  DeleteObjects: 0.489022 ms)

AssetImportParameters requested are different than current active one (requested -> active):
  custom:video-decoder-ogg-theora: a1e56fd34408186e4bbccfd4996cb3dc -> 
  custom:container-muxer-webm: aa71ff27fc2769a1b78a27578f13a17b -> 
  custom:container-demuxer-webm: 4f35f7cbe854078d1ac9338744f61a02 -> 
  custom:container-demuxer-ogg: 62fdf1f143b41e24485cea50d1cbac27 -> 
  custom:video-encoder-webm-vp8: eb34c28f22e8b96e1ab97ce403110664 -> 
  custom:framework-osx-AVFoundation: b23960f63f64bdc6ff669e2cdcee2391 -> 
  custom:video-decoder-webm-vp8: 9c59270c3fd7afecdb556c50c9e8de78 -> 
  custom:audio-decoder-ogg-vorbis: bf7c407c2cedff20999df2af8eb42d56 -> 
  custom:audio-encoder-webm-vorbis: bf7c407c2cedff20999df2af8eb42d56 -> 
========================================================================
Received Import Request.
  path: Assets/Sprites/0x72_16x16DungeonTileset.v4.png
  artifactKey: Guid(8f5558b8533b2430495654d6d17650b7) Importer(815301076,1909f56bfc062723c751e8b465ee728b)
Start importing Assets/Sprites/0x72_16x16DungeonTileset.v4.png using Guid(8f5558b8533b2430495654d6d17650b7) Importer(815301076,1909f56bfc062723c751e8b465ee728b)  -> (artifact id: '90707ae8dfabc8c1151a8504b12c6e08') in 0.411476 seconds 
  Import took 0.450613 seconds .

========================================================================
Received Prepare
Registering precompiled user dll's ...
Registered in 0.016775 seconds.
Begin MonoManager ReloadAssembly
Native extension for OSXStandalone target not found
Native extension for WebGL target not found
Refreshing native plugins compatible for Editor in 0.45 ms, found 3 plugins.
Preloading 0 native plugins for Editor in 0.00 ms.
Mono: successfully reloaded assembly
- Completed reload, in  1.320 seconds
Domain Reload Profiling:
	ReloadAssembly (1320ms)
		BeginReloadAssembly (124ms)
			ExecutionOrderSort (0ms)
			DisableScriptedObjects (8ms)
			BackupInstance (0ms)
			ReleaseScriptingObjects (0ms)
			CreateAndSetChildDomain (68ms)
		EndReloadAssembly (1127ms)
			LoadAssemblies (70ms)
			RebuildTransferFunctionScriptingTraits (0ms)
			SetupTypeCache (370ms)
			ReleaseScriptCaches (1ms)
			RebuildScriptCaches (57ms)
			SetupLoadedEditorAssemblies (474ms)
				LogAssemblyErrors (0ms)
				InitializePlatformSupportModulesInManaged (6ms)
				SetLoadedEditorAssemblies (0ms)
				RefreshPlugins (0ms)
				BeforeProcessingInitializeOnLoad (128ms)
				ProcessInitializeOnLoadAttributes (332ms)
				ProcessInitializeOnLoadMethodAttributes (7ms)
				AfterProcessingInitializeOnLoad (1ms)
				EditorAssembliesLoaded (0ms)
			ExecutionOrderSort2 (0ms)
			AwakeInstancesAfterBackupRestoration (16ms)
Platform modules already initialized, skipping
Refreshing native plugins compatible for Editor in 0.61 ms, found 3 plugins.
Preloading 0 native plugins for Editor in 0.00 ms.
Unloading 2087 Unused Serialized files (Serialized files now loaded: 0)
System memory in use before: 197.6 MB.
System memory in use after: 197.8 MB.

Unloading 17 unused Assets to reduce memory usage. Loaded Objects now: 2588.
Total: 3.280971 ms (FindLiveObjects: 0.215798 ms CreateObjectMapping: 0.081597 ms MarkObjects: 2.965379 ms  DeleteObjects: 0.016992 ms)

AssetImportParameters requested are different than current active one (requested -> active):
  custom:video-decoder-ogg-theora: a1e56fd34408186e4bbccfd4996cb3dc -> 
  custom:container-muxer-webm: aa71ff27fc2769a1b78a27578f13a17b -> 
  custom:container-demuxer-webm: 4f35f7cbe854078d1ac9338744f61a02 -> 
  custom:container-demuxer-ogg: 62fdf1f143b41e24485cea50d1cbac27 -> 
  custom:video-encoder-webm-vp8: eb34c28f22e8b96e1ab97ce403110664 -> 
  custom:framework-osx-AVFoundation: b23960f63f64bdc6ff669e2cdcee2391 -> 
  custom:video-decoder-webm-vp8: 9c59270c3fd7afecdb556c50c9e8de78 -> 
  custom:audio-decoder-ogg-vorbis: bf7c407c2cedff20999df2af8eb42d56 -> 
  custom:audio-encoder-webm-vorbis: bf7c407c2cedff20999df2af8eb42d56 -> 
========================================================================
Received Import Request.
  Time since last request: 249.346170 seconds.
  path: Assets/Sprites/0x72_16x16DungeonTileset.v4.png
  artifactKey: Guid(8f5558b8533b2430495654d6d17650b7) Importer(815301076,1909f56bfc062723c751e8b465ee728b)
Start importing Assets/Sprites/0x72_16x16DungeonTileset.v4.png using Guid(8f5558b8533b2430495654d6d17650b7) Importer(815301076,1909f56bfc062723c751e8b465ee728b)  -> (artifact id: '4758ffa4b8f1794865cedfbde8a9e97f') in 0.062473 seconds 
  Import took 0.085006 seconds .

========================================================================
Received Import Request.
  Time since last request: 0.030881 seconds.
  path: Assets/Sprites/0x72_16x16DungeonTileset.v4.png
  artifactKey: Guid(8f5558b8533b2430495654d6d17650b7) Importer(815301076,1909f56bfc062723c751e8b465ee728b)
Start importing Assets/Sprites/0x72_16x16DungeonTileset.v4.png using Guid(8f5558b8533b2430495654d6d17650b7) Importer(815301076,1909f56bfc062723c751e8b465ee728b)  -> (artifact id: '4758ffa4b8f1794865cedfbde8a9e97f') in 0.027717 seconds 
  Import took 0.031148 seconds .

========================================================================
Received Import Request.
  Time since last request: 39.720287 seconds.
  path: Assets/Sprites/WALLANDFLOOR.prefab
  artifactKey: Guid(e0540303b599e48db92afde483e7323f) Importer(815301076,1909f56bfc062723c751e8b465ee728b)
Start importing Assets/Sprites/WALLANDFLOOR.prefab using Guid(e0540303b599e48db92afde483e7323f) Importer(815301076,1909f56bfc062723c751e8b465ee728b)  -> (artifact id: '4f0711b6da92ce4ea629f006b7082100') in 0.305217 seconds 
  Import took 0.314720 seconds .

========================================================================
Received Import Request.
  Time since last request: 7.444545 seconds.
  path: Assets/Sprites/Wall.asset
  artifactKey: Guid(2bdaa928f377a4a30bb12d27b74aa84e) Importer(815301076,1909f56bfc062723c751e8b465ee728b)
Start importing Assets/Sprites/Wall.asset using Guid(2bdaa928f377a4a30bb12d27b74aa84e) Importer(815301076,1909f56bfc062723c751e8b465ee728b)  -> (artifact id: 'a6d294584083608788ec41352e9c258c') in 0.202349 seconds 
  Import took 0.218975 seconds .

========================================================================
Received Import Request.
  Time since last request: 0.002511 seconds.
  path: Assets/Sprites/WALLANDFLOOR.prefab
  artifactKey: Guid(e0540303b599e48db92afde483e7323f) Importer(815301076,1909f56bfc062723c751e8b465ee728b)
Start importing Assets/Sprites/WALLANDFLOOR.prefab using Guid(e0540303b599e48db92afde483e7323f) Importer(815301076,1909f56bfc062723c751e8b465ee728b)  -> (artifact id: '3b83036ba03268ff4e6b248ba662105c') in 0.017183 seconds 
  Import took 0.033351 seconds .

========================================================================
Received Import Request.
  Time since last request: 2.608243 seconds.
  path: Assets/Sprites/Floor.asset
  artifactKey: Guid(6abadec4c13c5452987d98a639d322e0) Importer(815301076,1909f56bfc062723c751e8b465ee728b)
Start importing Assets/Sprites/Floor.asset using Guid(6abadec4c13c5452987d98a639d322e0) Importer(815301076,1909f56bfc062723c751e8b465ee728b)  -> (artifact id: '917442be58a088b6a121a8339f557430') in 0.010641 seconds 
  Import took 0.019650 seconds .

========================================================================
Received Import Request.
  Time since last request: 0.000401 seconds.
  path: Assets/Sprites/WALLANDFLOOR.prefab
  artifactKey: Guid(e0540303b599e48db92afde483e7323f) Importer(815301076,1909f56bfc062723c751e8b465ee728b)
Start importing Assets/Sprites/WALLANDFLOOR.prefab using Guid(e0540303b599e48db92afde483e7323f) Importer(815301076,1909f56bfc062723c751e8b465ee728b)  -> (artifact id: '51a93820d393ae034df3cfe2bd1787a0') in 0.010072 seconds 
  Import took 0.014558 seconds .

========================================================================
Received Import Request.
  Time since last request: 184.415427 seconds.
  path: Assets/Sprites/0x72_16x16DungeonTileset.v4.png
  artifactKey: Guid(8f5558b8533b2430495654d6d17650b7) Importer(815301076,1909f56bfc062723c751e8b465ee728b)
Start importing Assets/Sprites/0x72_16x16DungeonTileset.v4.png using Guid(8f5558b8533b2430495654d6d17650b7) Importer(815301076,1909f56bfc062723c751e8b465ee728b)  -> (artifact id: '34f8840e1c39502666adb944edd03d2c') in 0.031032 seconds 
  Import took 0.034644 seconds .

========================================================================
Received Import Request.
  Time since last request: 0.013306 seconds.
  path: Assets/Sprites/0x72_16x16DungeonTileset.v4.png
  artifactKey: Guid(8f5558b8533b2430495654d6d17650b7) Importer(815301076,1909f56bfc062723c751e8b465ee728b)
Start importing Assets/Sprites/0x72_16x16DungeonTileset.v4.png using Guid(8f5558b8533b2430495654d6d17650b7) Importer(815301076,1909f56bfc062723c751e8b465ee728b)  -> (artifact id: '34f8840e1c39502666adb944edd03d2c') in 0.027613 seconds 
  Import took 0.031772 seconds .

========================================================================
Received Import Request.
  Time since last request: 188.908042 seconds.
  path: ProjectSettings/TagManager.asset
  artifactKey: Guid(00000000000000003000000000000000) Importer(815301076,1909f56bfc062723c751e8b465ee728b)
Start importing ProjectSettings/TagManager.asset using Guid(00000000000000003000000000000000) Importer(815301076,1909f56bfc062723c751e8b465ee728b)  -> (artifact id: '0d20965969099a0f71f262a05a9953a5') in 0.003507 seconds 
  Import took 0.022146 seconds .

========================================================================
Received Import Request.
  Time since last request: 0.012428 seconds.
  path: ProjectSettings/TagManager.asset
  artifactKey: Guid(00000000000000003000000000000000) Importer(815301076,1909f56bfc062723c751e8b465ee728b)
Start importing ProjectSettings/TagManager.asset using Guid(00000000000000003000000000000000) Importer(815301076,1909f56bfc062723c751e8b465ee728b)  -> (artifact id: '0d20965969099a0f71f262a05a9953a5') in 0.004338 seconds 
  Import took 0.008290 seconds .

========================================================================
Received Import Request.
  Time since last request: 310.229695 seconds.
  path: Assets/Scripts/PlayerMovement.cs
  artifactKey: Guid(091b960e011bf4320b1f282912db7f27) Importer(815301076,1909f56bfc062723c751e8b465ee728b)
Start importing Assets/Scripts/PlayerMovement.cs using Guid(091b960e011bf4320b1f282912db7f27) Importer(815301076,1909f56bfc062723c751e8b465ee728b)  -> (artifact id: 'e3e567736d8b4e9f3090d8cf544465fb') in 0.277212 seconds 
  Import took 0.299177 seconds .

========================================================================
Received Prepare
Registering precompiled user dll's ...
Registered in 0.032306 seconds.
Begin MonoManager ReloadAssembly
Native extension for OSXStandalone target not found
Native extension for WebGL target not found
Refreshing native plugins compatible for Editor in 0.46 ms, found 3 plugins.
Preloading 0 native plugins for Editor in 0.00 ms.
Mono: successfully reloaded assembly
- Completed reload, in  1.453 seconds
Domain Reload Profiling:
	ReloadAssembly (1457ms)
		BeginReloadAssembly (147ms)
			ExecutionOrderSort (0ms)
			DisableScriptedObjects (7ms)
			BackupInstance (0ms)
			ReleaseScriptingObjects (0ms)
			CreateAndSetChildDomain (83ms)
		EndReloadAssembly (1235ms)
			LoadAssemblies (79ms)
			RebuildTransferFunctionScriptingTraits (0ms)
			SetupTypeCache (425ms)
			ReleaseScriptCaches (1ms)
			RebuildScriptCaches (58ms)
			SetupLoadedEditorAssemblies (504ms)
				LogAssemblyErrors (0ms)
				InitializePlatformSupportModulesInManaged (6ms)
				SetLoadedEditorAssemblies (1ms)
				RefreshPlugins (0ms)
				BeforeProcessingInitializeOnLoad (149ms)
				ProcessInitializeOnLoadAttributes (341ms)
				ProcessInitializeOnLoadMethodAttributes (6ms)
				AfterProcessingInitializeOnLoad (1ms)
				EditorAssembliesLoaded (0ms)
			ExecutionOrderSort2 (0ms)
			AwakeInstancesAfterBackupRestoration (12ms)
Platform modules already initialized, skipping
Refreshing native plugins compatible for Editor in 0.45 ms, found 3 plugins.
Preloading 0 native plugins for Editor in 0.00 ms.
Unloading 2087 Unused Serialized files (Serialized files now loaded: 0)
System memory in use before: 210.4 MB.
System memory in use after: 210.5 MB.

Unloading 18 unused Assets to reduce memory usage. Loaded Objects now: 2602.
Total: 3.276766 ms (FindLiveObjects: 0.215287 ms CreateObjectMapping: 0.076625 ms MarkObjects: 2.961541 ms  DeleteObjects: 0.022305 ms)

AssetImportParameters requested are different than current active one (requested -> active):
  custom:video-decoder-ogg-theora: a1e56fd34408186e4bbccfd4996cb3dc -> 
  custom:container-muxer-webm: aa71ff27fc2769a1b78a27578f13a17b -> 
  custom:container-demuxer-webm: 4f35f7cbe854078d1ac9338744f61a02 -> 
  custom:container-demuxer-ogg: 62fdf1f143b41e24485cea50d1cbac27 -> 
  custom:video-encoder-webm-vp8: eb34c28f22e8b96e1ab97ce403110664 -> 
  custom:framework-osx-AVFoundation: b23960f63f64bdc6ff669e2cdcee2391 -> 
  custom:video-decoder-webm-vp8: 9c59270c3fd7afecdb556c50c9e8de78 -> 
  custom:audio-decoder-ogg-vorbis: bf7c407c2cedff20999df2af8eb42d56 -> 
  custom:audio-encoder-webm-vorbis: bf7c407c2cedff20999df2af8eb42d56 -> 
========================================================================
Received Prepare
Registering precompiled user dll's ...
Registered in 0.030086 seconds.
Begin MonoManager ReloadAssembly
Native extension for OSXStandalone target not found
Native extension for WebGL target not found
Refreshing native plugins compatible for Editor in 0.46 ms, found 3 plugins.
Preloading 0 native plugins for Editor in 0.00 ms.
Mono: successfully reloaded assembly
- Completed reload, in  1.447 seconds
Domain Reload Profiling:
	ReloadAssembly (1447ms)
		BeginReloadAssembly (124ms)
			ExecutionOrderSort (0ms)
			DisableScriptedObjects (7ms)
			BackupInstance (0ms)
			ReleaseScriptingObjects (0ms)
			CreateAndSetChildDomain (60ms)
		EndReloadAssembly (1256ms)
			LoadAssemblies (266ms)
			RebuildTransferFunctionScriptingTraits (0ms)
			SetupTypeCache (349ms)
			ReleaseScriptCaches (1ms)
			RebuildScriptCaches (56ms)
			SetupLoadedEditorAssemblies (445ms)
				LogAssemblyErrors (0ms)
				InitializePlatformSupportModulesInManaged (10ms)
				SetLoadedEditorAssemblies (0ms)
				RefreshPlugins (0ms)
				BeforeProcessingInitializeOnLoad (132ms)
				ProcessInitializeOnLoadAttributes (295ms)
				ProcessInitializeOnLoadMethodAttributes (5ms)
				AfterProcessingInitializeOnLoad (1ms)
				EditorAssembliesLoaded (0ms)
			ExecutionOrderSort2 (0ms)
			AwakeInstancesAfterBackupRestoration (12ms)
Platform modules already initialized, skipping
Refreshing native plugins compatible for Editor in 0.44 ms, found 3 plugins.
Preloading 0 native plugins for Editor in 0.00 ms.
Unloading 2087 Unused Serialized files (Serialized files now loaded: 0)
System memory in use before: 210.6 MB.
System memory in use after: 210.8 MB.

Unloading 16 unused Assets to reduce memory usage. Loaded Objects now: 2605.
Total: 2.922102 ms (FindLiveObjects: 0.205529 ms CreateObjectMapping: 0.075110 ms MarkObjects: 2.626221 ms  DeleteObjects: 0.013968 ms)

AssetImportParameters requested are different than current active one (requested -> active):
  custom:video-decoder-ogg-theora: a1e56fd34408186e4bbccfd4996cb3dc -> 
  custom:container-muxer-webm: aa71ff27fc2769a1b78a27578f13a17b -> 
  custom:container-demuxer-webm: 4f35f7cbe854078d1ac9338744f61a02 -> 
  custom:container-demuxer-ogg: 62fdf1f143b41e24485cea50d1cbac27 -> 
  custom:video-encoder-webm-vp8: eb34c28f22e8b96e1ab97ce403110664 -> 
  custom:framework-osx-AVFoundation: b23960f63f64bdc6ff669e2cdcee2391 -> 
  custom:video-decoder-webm-vp8: 9c59270c3fd7afecdb556c50c9e8de78 -> 
  custom:audio-decoder-ogg-vorbis: bf7c407c2cedff20999df2af8eb42d56 -> 
  custom:audio-encoder-webm-vorbis: bf7c407c2cedff20999df2af8eb42d56 -> 
========================================================================
Received Prepare
Registering precompiled user dll's ...
Registered in 0.075608 seconds.
Begin MonoManager ReloadAssembly
Native extension for OSXStandalone target not found
Native extension for WebGL target not found
Refreshing native plugins compatible for Editor in 0.48 ms, found 3 plugins.
Preloading 0 native plugins for Editor in 0.00 ms.
Mono: successfully reloaded assembly
- Completed reload, in  1.501 seconds
Domain Reload Profiling:
	ReloadAssembly (1501ms)
		BeginReloadAssembly (126ms)
			ExecutionOrderSort (0ms)
			DisableScriptedObjects (7ms)
			BackupInstance (0ms)
			ReleaseScriptingObjects (0ms)
			CreateAndSetChildDomain (61ms)
		EndReloadAssembly (1309ms)
			LoadAssemblies (303ms)
			RebuildTransferFunctionScriptingTraits (0ms)
			SetupTypeCache (343ms)
			ReleaseScriptCaches (1ms)
			RebuildScriptCaches (55ms)
			SetupLoadedEditorAssemblies (462ms)
				LogAssemblyErrors (0ms)
				InitializePlatformSupportModulesInManaged (6ms)
				SetLoadedEditorAssemblies (1ms)
				RefreshPlugins (1ms)
				BeforeProcessingInitializeOnLoad (125ms)
				ProcessInitializeOnLoadAttributes (324ms)
				ProcessInitializeOnLoadMethodAttributes (5ms)
				AfterProcessingInitializeOnLoad (1ms)
				EditorAssembliesLoaded (0ms)
			ExecutionOrderSort2 (0ms)
			AwakeInstancesAfterBackupRestoration (12ms)
Platform modules already initialized, skipping
Refreshing native plugins compatible for Editor in 0.44 ms, found 3 plugins.
Preloading 0 native plugins for Editor in 0.00 ms.
Unloading 2087 Unused Serialized files (Serialized files now loaded: 0)
System memory in use before: 210.8 MB.
System memory in use after: 211.0 MB.

Unloading 16 unused Assets to reduce memory usage. Loaded Objects now: 2608.
Total: 2.949536 ms (FindLiveObjects: 0.202967 ms CreateObjectMapping: 0.068304 ms MarkObjects: 2.663544 ms  DeleteObjects: 0.013883 ms)

AssetImportParameters requested are different than current active one (requested -> active):
  custom:video-decoder-ogg-theora: a1e56fd34408186e4bbccfd4996cb3dc -> 
  custom:container-muxer-webm: aa71ff27fc2769a1b78a27578f13a17b -> 
  custom:container-demuxer-webm: 4f35f7cbe854078d1ac9338744f61a02 -> 
  custom:container-demuxer-ogg: 62fdf1f143b41e24485cea50d1cbac27 -> 
  custom:video-encoder-webm-vp8: eb34c28f22e8b96e1ab97ce403110664 -> 
  custom:framework-osx-AVFoundation: b23960f63f64bdc6ff669e2cdcee2391 -> 
  custom:video-decoder-webm-vp8: 9c59270c3fd7afecdb556c50c9e8de78 -> 
  custom:audio-decoder-ogg-vorbis: bf7c407c2cedff20999df2af8eb42d56 -> 
  custom:audio-encoder-webm-vorbis: bf7c407c2cedff20999df2af8eb42d56 -> 
